<?xml version="1.0" encoding="UTF-8"?>
<!-- Generated by org.testng.reporters.JUnitXMLReporter -->
<testsuite ignored="0" hostname="luffy" failures="0" tests="4" name="Default test" time="80.997" errors="0" timestamp="2025-12-16T06:52:13 IST">
  <testcase classname="testclass.LoginValidationWithExcelData" name="checkLogin" time="9.175"/>
  <testcase classname="testclass.LoginValidationWithExcelData" name="checkLogin" time="8.582"/>
  <testcase classname="testclass.LoginValidationWithExcelData" name="checkLogin" time="26.345"/>
  <testcase classname="testclass.LoginValidationWithExcelData" name="checkLogin" time="25.72"/>
</testsuite> <!-- Default test -->
