<?xml version="1.0" encoding="UTF-8"?>
<!-- Generated by org.testng.reporters.JUnitXMLReporter -->
<testsuite ignored="0" hostname="luffy" failures="1" tests="1" name="Test" time="0.033" errors="0" timestamp="2025-12-16T06:48:30 IST">
  <testcase classname="testclass.LoginValidationWithExcelData" name="checkLogin" time="0.0">
    <failure type="java.lang.RuntimeException" message="java.io.FileNotFoundException: C:\Users\sanke\eclipse-workspace\ZAmazonC:\Users\sanke\OneDrive\Desktop\Data Driven Excel\AmezonLoginDataExcel.xlsx (The filename, directory name, or volume label syntax is incorrect)">
      <![CDATA[java.lang.RuntimeException: java.io.FileNotFoundException: C:\Users\sanke\eclipse-workspace\ZAmazonC:\Users\sanke\OneDrive\Desktop\Data Driven Excel\AmezonLoginDataExcel.xlsx (The filename, directory name, or volume label syntax is incorrect)
at java.base/java.util.ArrayList.forEach(ArrayList.java:1596)
Caused by: java.io.FileNotFoundException: C:\Users\sanke\eclipse-workspace\ZAmazonC:\Users\sanke\OneDrive\Desktop\Data Driven Excel\AmezonLoginDataExcel.xlsx (The filename, directory name, or volume label syntax is incorrect)
at java.base/java.io.FileInputStream.open0(Native Method)
at java.base/java.io.FileInputStream.open(FileInputStream.java:213)
at java.base/java.io.FileInputStream.<init>(FileInputStream.java:152)
at java.base/java.io.FileInputStream.<init>(FileInputStream.java:106)
at rhl.data.DataDrivenFromExcel.getExcelData(DataDrivenFromExcel.java:16)
at testclass.LoginValidationWithExcelData.getData(LoginValidationWithExcelData.java:38)
... 25 more
... Removed 30 stack frames]]>
    </failure>
  </testcase> <!-- checkLogin -->
</testsuite> <!-- Test -->
