<?xml version="1.0" encoding="UTF-8"?>
<testng-results ignored="0" total="4" passed="4" failed="0" skipped="0">
  <reporter-output>
  </reporter-output>
  <suite started-at="2025-12-16T06:50:51 IST" name="Default suite" finished-at="2025-12-16T06:52:12 IST" duration-ms="80997">
    <groups>
    </groups>
    <test started-at="2025-12-16T06:50:51 IST" name="Default test" finished-at="2025-12-16T06:52:12 IST" duration-ms="80997">
      <class name="testclass.LoginValidationWithExcelData">
        <test-method is-config="true" signature="openBrowser()[pri:0, instance:testclass.LoginValidationWithExcelData@4b013c76]" started-at="2025-12-16T06:50:52 IST" name="openBrowser" finished-at="2025-12-16T06:50:55 IST" duration-ms="2514" status="PASS">
          <reporter-output>
          </reporter-output>
        </test-method> <!-- openBrowser -->
        <test-method signature="checkLogin(java.util.HashMap)[pri:0, instance:testclass.LoginValidationWithExcelData@4b013c76]" started-at="2025-12-16T06:50:55 IST" name="checkLogin" data-provider="getData" finished-at="2025-12-16T06:51:04 IST" duration-ms="9175" status="PASS">
          <params>
            <param index="0">
              <value>
                <![CDATA[{password=monkey.dluffy, email=onepiece@gmail.com}]]>
              </value>
            </param>
          </params>
          <reporter-output>
          </reporter-output>
        </test-method> <!-- checkLogin -->
        <test-method is-config="true" signature="openBrowser()[pri:0, instance:testclass.LoginValidationWithExcelData@4b013c76]" started-at="2025-12-16T06:51:04 IST" name="openBrowser" finished-at="2025-12-16T06:51:06 IST" duration-ms="2571" status="PASS">
          <reporter-output>
          </reporter-output>
        </test-method> <!-- openBrowser -->
        <test-method signature="checkLogin(java.util.HashMap)[pri:0, instance:testclass.LoginValidationWithExcelData@4b013c76]" started-at="2025-12-16T06:51:06 IST" name="checkLogin" data-provider="getData" finished-at="2025-12-16T06:51:15 IST" duration-ms="8582" status="PASS">
          <params>
            <param index="0">
              <value>
                <![CDATA[{password=gojo_saturu, email=jujutsukaisen@gmail.com}]]>
              </value>
            </param>
          </params>
          <reporter-output>
          </reporter-output>
        </test-method> <!-- checkLogin -->
        <test-method is-config="true" signature="openBrowser()[pri:0, instance:testclass.LoginValidationWithExcelData@4b013c76]" started-at="2025-12-16T06:51:15 IST" name="openBrowser" finished-at="2025-12-16T06:51:17 IST" duration-ms="2501" status="PASS">
          <reporter-output>
          </reporter-output>
        </test-method> <!-- openBrowser -->
        <test-method signature="checkLogin(java.util.HashMap)[pri:0, instance:testclass.LoginValidationWithExcelData@4b013c76]" started-at="2025-12-16T06:51:17 IST" name="checkLogin" data-provider="getData" finished-at="2025-12-16T06:51:44 IST" duration-ms="26345" status="PASS">
          <params>
            <param index="0">
              <value>
                <![CDATA[{password=ippo, email=hajimenoippo@gmai.com}]]>
              </value>
            </param>
          </params>
          <reporter-output>
          </reporter-output>
        </test-method> <!-- checkLogin -->
        <test-method is-config="true" signature="openBrowser()[pri:0, instance:testclass.LoginValidationWithExcelData@4b013c76]" started-at="2025-12-16T06:51:44 IST" name="openBrowser" finished-at="2025-12-16T06:51:47 IST" duration-ms="2927" status="PASS">
          <reporter-output>
          </reporter-output>
        </test-method> <!-- openBrowser -->
        <test-method signature="checkLogin(java.util.HashMap)[pri:0, instance:testclass.LoginValidationWithExcelData@4b013c76]" started-at="2025-12-16T06:51:47 IST" name="checkLogin" data-provider="getData" finished-at="2025-12-16T06:52:12 IST" duration-ms="25720" status="PASS">
          <params>
            <param index="0">
              <value>
                <![CDATA[{password=iszumi, email=bakunohero@gmai.com}]]>
              </value>
            </param>
          </params>
          <reporter-output>
          </reporter-output>
        </test-method> <!-- checkLogin -->
      </class> <!-- testclass.LoginValidationWithExcelData -->
    </test> <!-- Default test -->
  </suite> <!-- Default suite -->
</testng-results>
