<?xml version="1.0" encoding="UTF-8"?>
<!-- Generated by org.testng.reporters.JUnitReportReporter -->
<testsuite hostname="luffy" failures="0" tests="4" name="testclass.LoginValidation" time="115.850" errors="0" timestamp="2025-12-15T18:24:25 IST" skipped="0">
  <testcase classname="testclass.LoginValidation" name="checkLogin" time="32.756"/>
  <testcase classname="testclass.LoginValidation" name="checkLogin" time="19.370"/>
  <testcase classname="testclass.LoginValidation" name="checkLogin" time="30.434"/>
  <testcase classname="testclass.LoginValidation" name="checkLogin" time="33.290"/>
</testsuite> <!-- testclass.LoginValidation -->
