<?xml version="1.0" encoding="UTF-8"?>
<!-- Generated by org.testng.reporters.JUnitReportReporter -->
<testsuite hostname="luffy" failures="0" tests="4" name="testclass.LoginValidation" time="122.641" errors="0" timestamp="2025-12-08T16:20:21 IST" skipped="0">
  <testcase classname="testclass.LoginValidation" name="checkLogin" time="30.940"/>
  <testcase classname="testclass.LoginValidation" name="checkLogin" time="30.003"/>
  <testcase classname="testclass.LoginValidation" name="checkLogin" time="30.370"/>
  <testcase classname="testclass.LoginValidation" name="checkLogin" time="31.328"/>
</testsuite> <!-- testclass.LoginValidation -->
