<?xml version="1.0" encoding="UTF-8"?>
<!-- Generated by org.testng.reporters.JUnitReportReporter -->
<testsuite hostname="luffy" failures="0" tests="4" name="testclass.LoginValidationWithExcelData" time="80.335" errors="0" timestamp="2025-12-16T06:52:13 IST" skipped="0">
  <testcase classname="testclass.LoginValidationWithExcelData" name="checkLogin" time="12.102"/>
  <testcase classname="testclass.LoginValidationWithExcelData" name="checkLogin" time="28.846"/>
  <testcase classname="testclass.LoginValidationWithExcelData" name="checkLogin" time="11.096"/>
  <testcase classname="testclass.LoginValidationWithExcelData" name="checkLogin" time="28.291"/>
</testsuite> <!-- testclass.LoginValidationWithExcelData -->
